<?xml version="1.0" encoding="UTF-8"?>
<!-- Generated by org.testng.reporters.JUnitXMLReporter -->
<testsuite ignored="1" hostname="ip-172-31-90-254" failures="0" tests="1" name="Default test" time="1.297" errors="0" timestamp="29 Apr 2024 15:40:44 GMT">
  <testcase classname="restAPI.RestAPITest" name="B_GetCatagory2Product" time="1.271"/>
  <testcase classname="restAPI.RestAPITest" name="A_GetAllProducts" time="0.0">
    <ignored/>
  </testcase> <!-- A_GetAllProducts -->
</testsuite> <!-- Default test -->
