<?xml version="1.0" encoding="UTF-8"?>
<testng-results ignored="0" total="2" passed="2" failed="0" skipped="0">
  <reporter-output>
  </reporter-output>
  <suite started-at="2024-04-29T15:41:39Z" name="Suite" finished-at="2024-04-29T15:41:41Z" duration-ms="1643">
    <groups>
    </groups>
    <test started-at="2024-04-29T15:41:39Z" name="Test" finished-at="2024-04-29T15:41:41Z" duration-ms="1643">
      <class name="restAPI.RestAPITest">
        <test-method signature="A_GetAllProducts()[pri:0, instance:restAPI.RestAPITest@79dc5318]" started-at="2024-04-29T15:41:40Z" name="A_GetAllProducts" finished-at="2024-04-29T15:41:41Z" duration-ms="1555" status="PASS">
          <reporter-output>
          </reporter-output>
        </test-method> <!-- A_GetAllProducts -->
        <test-method signature="B_GetCatagory2Product()[pri:0, instance:restAPI.RestAPITest@79dc5318]" started-at="2024-04-29T15:41:41Z" name="B_GetCatagory2Product" finished-at="2024-04-29T15:41:41Z" duration-ms="61" status="PASS">
          <reporter-output>
          </reporter-output>
        </test-method> <!-- B_GetCatagory2Product -->
      </class> <!-- restAPI.RestAPITest -->
    </test> <!-- Test -->
  </suite> <!-- Suite -->
</testng-results>
